<?xml version="1.0" encoding="UTF-8"?>
<!-- Generated by org.testng.reporters.JUnitXMLReporter -->
<testsuite ignored="0" hostname="DESKTOP-SD5PFCR" failures="0" tests="3" name="Default test" time="6.344" errors="0" timestamp="2023-09-08T16:53:31 IST">
  <testcase classname="day1.restassured.HTTPRequest" name="getUser" time="3.634"/>
  <testcase classname="day1.restassured.HTTPRequest" name="createUser" time="2.139"/>
  <testcase classname="day1.restassured.HTTPRequest" name="updateUser" time="0.448"/>
</testsuite> <!-- Default test -->
