<?xml version="1.0" encoding="UTF-8"?>
<testng-results ignored="0" total="1" passed="1" failed="0" skipped="0">
  <reporter-output>
  </reporter-output>
  <suite started-at="2023-09-14T19:29:18 IST" name="Default suite" finished-at="2023-09-14T19:29:27 IST" duration-ms="8261">
    <groups>
    </groups>
    <test started-at="2023-09-14T19:29:18 IST" name="Default test" finished-at="2023-09-14T19:29:27 IST" duration-ms="8261">
      <class name="day7.restassured.BasicAuth">
        <test-method signature="testBearerToken()[pri:0, instance:day7.restassured.BasicAuth@7133da86]" started-at="2023-09-14T19:29:19 IST" name="testBearerToken" finished-at="2023-09-14T19:29:27 IST" duration-ms="8112" status="PASS">
          <reporter-output>
          </reporter-output>
        </test-method> <!-- testBearerToken -->
      </class> <!-- day7.restassured.BasicAuth -->
    </test> <!-- Default test -->
  </suite> <!-- Default suite -->
</testng-results>
