<?xml version="1.0" encoding="UTF-8"?>
<testng-results ignored="0" total="3" passed="3" failed="0" skipped="0">
  <reporter-output>
  </reporter-output>
  <suite started-at="2023-09-08T16:53:25 IST" name="Default suite" finished-at="2023-09-08T16:53:31 IST" duration-ms="6344">
    <groups>
    </groups>
    <test started-at="2023-09-08T16:53:25 IST" name="Default test" finished-at="2023-09-08T16:53:31 IST" duration-ms="6344">
      <class name="day1.restassured.HTTPRequest">
        <test-method signature="getUser()[pri:1, instance:day1.restassured.HTTPRequest@7133da86]" started-at="2023-09-08T16:53:25 IST" name="getUser" finished-at="2023-09-08T16:53:29 IST" duration-ms="3634" status="PASS">
          <reporter-output>
          </reporter-output>
        </test-method> <!-- getUser -->
        <test-method signature="createUser()[pri:3, instance:day1.restassured.HTTPRequest@7133da86]" started-at="2023-09-08T16:53:29 IST" name="createUser" finished-at="2023-09-08T16:53:31 IST" duration-ms="2139" status="PASS">
          <reporter-output>
          </reporter-output>
        </test-method> <!-- createUser -->
        <test-method signature="updateUser()[pri:4, instance:day1.restassured.HTTPRequest@7133da86]" started-at="2023-09-08T16:53:31 IST" name="updateUser" finished-at="2023-09-08T16:53:31 IST" depends-on-methods="day1.restassured.HTTPRequest.createUser" duration-ms="448" status="PASS">
          <reporter-output>
          </reporter-output>
        </test-method> <!-- updateUser -->
      </class> <!-- day1.restassured.HTTPRequest -->
    </test> <!-- Default test -->
  </suite> <!-- Default suite -->
</testng-results>
